<?xml version="1.0" encoding="UTF-8"?>
<!-- Generated by org.testng.reporters.JUnitReportReporter -->
<testsuite hostname="HamzehAbuAmer" failures="0" tests="4" name="myTestcases" time="1.522" errors="0" timestamp="2024-06-12T04:51:27 EET" skipped="2">
  <testcase classname="myTestcases" name="loginTest" time="1.203"/>
  <system-out/>
  <testcase classname="myTestcases" name="addItemsHasTextLabs" time="0.319"/>
  <system-out/>
  <testcase classname="myTestcases" name="addAllitemsexceptNumber3">
    <skipped/>
  </testcase> <!-- addAllitemsexceptNumber3 -->
  <system-out/>
  <testcase classname="myTestcases" name="addAllitems">
    <skipped/>
  </testcase> <!-- addAllitems -->
  <system-out/>
</testsuite> <!-- myTestcases -->
